# JRE version: OpenJDK Runtime Environment (17.0.2+8) (build 17.0.2+8-86)
# Java VM: OpenJDK 64-Bit Server VM (17.0.2+8-86, mixed mode, sharing, tiered, compressed oops, compressed class ptrs, g1 gc, windows-amd64)
GC Precious Log:
 CPUs: 8 total, 8 available
 Memory: 16252M
 Large Page Support: Disabled
 NUMA Support: Disabled
 Compressed Oops: Enabled (Zero based)
 Heap Region Size: 2M
 Heap Min Capacity: 8M
 Heap Initial Capacity: 254M
 Heap Max Capacity: 4064M
 Pre-touch: Disabled
 Parallel Workers: 8
 Concurrent Workers: 2
 Concurrent Refinement Workers: 8
 Periodic GC: Disabled
Heap:
 garbage-first heap   total 55296K, used 23601K [0x0000000702000000, 0x0000000800000000)
  region size 2048K, 1 young (2048K), 1 survivors (2048K)
 Metaspace       used 44056K, committed 44416K, reserved 1089536K
  class space    used 5774K, committed 5952K, reserved 1048576K
GC Heap History (20 events):
Event: 0.844 GC heap after
{Heap after GC invocations=1 (full 0):
 garbage-first heap   total 260096K, used 6869K [0x0000000702000000, 0x0000000800000000)
  region size 2048K, 2 young (4096K), 2 survivors (4096K)
 Metaspace       used 5282K, committed 5376K, reserved 1056768K
  class space    used 607K, committed 640K, reserved 1048576K
}
Event: 1.757 GC heap before
{Heap before GC invocations=1 (full 0):
 garbage-first heap   total 260096K, used 27349K [0x0000000702000000, 0x0000000800000000)
  region size 2048K, 13 young (26624K), 2 survivors (4096K)
 Metaspace       used 10825K, committed 11072K, reserved 1064960K
  class space    used 1331K, committed 1472K, reserved 1048576K
}
Event: 1.762 GC heap after
{Heap after GC invocations=2 (full 0):
 garbage-first heap   total 260096K, used 8459K [0x0000000702000000, 0x0000000800000000)
  region size 2048K, 1 young (2048K), 1 survivors (2048K)
 Metaspace       used 10825K, committed 11072K, reserved 1064960K
  class space    used 1331K, committed 1472K, reserved 1048576K
}
Event: 3.468 GC heap before
{Heap before GC invocations=2 (full 0):
 garbage-first heap   total 260096K, used 69899K [0x0000000702000000, 0x0000000800000000)
  region size 2048K, 32 young (65536K), 1 survivors (2048K)
 Metaspace       used 21200K, committed 21504K, reserved 1073152K
  class space    used 2603K, committed 2752K, reserved 1048576K
}
Event: 3.474 GC heap after
{Heap after GC invocations=3 (full 0):
 garbage-first heap   total 260096K, used 12752K [0x0000000702000000, 0x0000000800000000)
  region size 2048K, 3 young (6144K), 3 survivors (6144K)
 Metaspace       used 21200K, committed 21504K, reserved 1073152K
  class space    used 2603K, committed 2752K, reserved 1048576K
}
Event: 4.503 GC heap before
{Heap before GC invocations=4 (full 0):
 garbage-first heap   total 55296K, used 39376K [0x0000000702000000, 0x0000000800000000)
  region size 2048K, 16 young (32768K), 3 survivors (6144K)
 Metaspace       used 26621K, committed 27072K, reserved 1073152K
  class space    used 3324K, committed 3520K, reserved 1048576K
}
Event: 4.515 GC heap after
{Heap after GC invocations=5 (full 0):
 garbage-first heap   total 55296K, used 15894K [0x0000000702000000, 0x0000000800000000)
  region size 2048K, 2 young (4096K), 2 survivors (4096K)
 Metaspace       used 26621K, committed 27072K, reserved 1073152K
  class space    used 3324K, committed 3520K, reserved 1048576K
}
Event: 4.579 GC heap before
{Heap before GC invocations=5 (full 0):
 garbage-first heap   total 55296K, used 17942K [0x0000000702000000, 0x0000000800000000)
  region size 2048K, 3 young (6144K), 2 survivors (4096K)
 Metaspace       used 27001K, committed 27392K, reserved 1073152K
  class space    used 3379K, committed 3584K, reserved 1048576K
}
Event: 4.583 GC heap after
{Heap after GC invocations=6 (full 0):
 garbage-first heap   total 55296K, used 16195K [0x0000000702000000, 0x0000000800000000)
  region size 2048K, 1 young (2048K), 1 survivors (2048K)
 Metaspace       used 27001K, committed 27392K, reserved 1073152K
  class space    used 3379K, committed 3584K, reserved 1048576K
}
Event: 5.089 GC heap before
{Heap before GC invocations=6 (full 0):
 garbage-first heap   total 55296K, used 34627K [0x0000000702000000, 0x0000000800000000)
  region size 2048K, 10 young (20480K), 1 survivors (2048K)
 Metaspace       used 30030K, committed 30400K, reserved 1081344K
  class space    used 3872K, committed 4032K, reserved 1048576K
}
Event: 5.092 GC heap after
{Heap after GC invocations=7 (full 0):
 garbage-first heap   total 55296K, used 17393K [0x0000000702000000, 0x0000000800000000)
  region size 2048K, 1 young (2048K), 1 survivors (2048K)
 Metaspace       used 30030K, committed 30400K, reserved 1081344K
  class space    used 3872K, committed 4032K, reserved 1048576K
}
Event: 5.717 GC heap before
{Heap before GC invocations=7 (full 0):
 garbage-first heap   total 55296K, used 37873K [0x0000000702000000, 0x0000000800000000)
  region size 2048K, 11 young (22528K), 1 survivors (2048K)
 Metaspace       used 35320K, committed 35776K, reserved 1081344K
  class space    used 4547K, committed 4800K, reserved 1048576K
}
Event: 5.721 GC heap after
{Heap after GC invocations=8 (full 0):
 garbage-first heap   total 55296K, used 19737K [0x0000000702000000, 0x0000000800000000)
  region size 2048K, 2 young (4096K), 2 survivors (4096K)
 Metaspace       used 35320K, committed 35776K, reserved 1081344K
  class space    used 4547K, committed 4800K, reserved 1048576K
}
Event: 6.696 GC heap before
{Heap before GC invocations=8 (full 0):
 garbage-first heap   total 55296K, used 27929K [0x0000000702000000, 0x0000000800000000)
  region size 2048K, 7 young (14336K), 2 survivors (4096K)
 Metaspace       used 35752K, committed 36160K, reserved 1081344K
  class space    used 4614K, committed 4800K, reserved 1048576K
}
Event: 6.699 GC heap after
{Heap after GC invocations=9 (full 0):
 garbage-first heap   total 55296K, used 20487K [0x0000000702000000, 0x0000000800000000)
  region size 2048K, 1 young (2048K), 1 survivors (2048K)
 Metaspace       used 35752K, committed 36160K, reserved 1081344K
  class space    used 4614K, committed 4800K, reserved 1048576K
}
Event: 7.367 GC heap before
{Heap before GC invocations=10 (full 0):
 garbage-first heap   total 55296K, used 36871K [0x0000000702000000, 0x0000000800000000)
  region size 2048K, 10 young (20480K), 1 survivors (2048K)
 Metaspace       used 40056K, committed 40512K, reserved 1089536K
  class space    used 5257K, committed 5440K, reserved 1048576K
}
Event: 7.373 GC heap after
{Heap after GC invocations=11 (full 0):
 garbage-first heap   total 55296K, used 22407K [0x0000000702000000, 0x0000000800000000)
  region size 2048K, 2 young (4096K), 2 survivors (4096K)
 Metaspace       used 40056K, committed 40512K, reserved 1089536K
  class space    used 5257K, committed 5440K, reserved 1048576K
}
Event: 7.454 GC heap before
{Heap before GC invocations=11 (full 0):
 garbage-first heap   total 55296K, used 22407K [0x0000000702000000, 0x0000000800000000)
  region size 2048K, 3 young (6144K), 2 survivors (4096K)
 Metaspace       used 40513K, committed 40960K, reserved 1089536K
  class space    used 5321K, committed 5504K, reserved 1048576K
}
Event: 7.460 GC heap after
{Heap after GC invocations=12 (full 0):
 garbage-first heap   total 55296K, used 22493K [0x0000000702000000, 0x0000000800000000)
  region size 2048K, 1 young (2048K), 1 survivors (2048K)
 Metaspace       used 40513K, committed 40960K, reserved 1089536K
  class space    used 5321K, committed 5504K, reserved 1048576K
}
Event: 20805.071 GC heap before
{Heap before GC invocations=12 (full 0):
 garbage-first heap   total 55296K, used 38877K [0x0000000702000000, 0x0000000800000000)
  region size 2048K, 9 young (18432K), 1 survivors (2048K)
 Metaspace       used 44056K, committed 44416K, reserved 1089536K
  class space    used 5774K, committed 5952K, reserved 1048576K
}

